2023-12-20 14:51:57,470 MST - INFO - pylsp.python_lsp - Starting PythonLSPServer IO language server
2023-12-20 14:51:57,954 MST - INFO - pylsp.config.config - Failed to load pylsp entry point 'autopep8': No module named 'pycodestyle'
2023-12-20 14:51:57,964 MST - INFO - pylsp.config.config - Failed to load pylsp entry point 'mccabe': No module named 'mccabe'
2023-12-20 14:51:57,966 MST - INFO - pylsp.config.config - Failed to load pylsp entry point 'pycodestyle': No module named 'pycodestyle'
2023-12-20 14:51:57,968 MST - INFO - pylsp.config.config - Failed to load pylsp entry point 'pydocstyle': No module named 'pydocstyle'
2023-12-20 14:51:57,968 MST - INFO - pylsp.config.config - Failed to load pylsp entry point 'pyflakes': No module named 'pyflakes'
2023-12-20 14:51:57,970 MST - INFO - pylsp.config.config - Failed to load pylsp entry point 'rope_autoimport': No module named 'rope'
2023-12-20 14:51:57,971 MST - INFO - pylsp.config.config - Failed to load pylsp entry point 'rope_completion': No module named 'rope'
2023-12-20 14:51:57,972 MST - INFO - pylsp.config.config - Failed to load pylsp entry point 'rope_rename': No module named 'rope'
2023-12-20 14:51:57,973 MST - INFO - pylsp.config.config - Failed to load pylsp entry point 'yapf': No module named 'yapf'
2023-12-20 14:51:57,977 MST - INFO - pylsp.config.config - Loaded pylsp plugin ruff from <module 'pylsp_ruff.plugin' from '/nix/store/67zwlv7x2g5wwn50fm3s4qk9w57372d8-python3-3.11.6-env/lib/python3.11/site-packages/pylsp_ruff/plugin.py'>
2023-12-20 14:51:57,977 MST - INFO - pylsp.config.config - Loaded pylsp plugin flake8 from <module 'pylsp.plugins.flake8_lint' from '/nix/store/67zwlv7x2g5wwn50fm3s4qk9w57372d8-python3-3.11.6-env/lib/python3.11/site-packages/pylsp/plugins/flake8_lint.py'>
2023-12-20 14:51:57,977 MST - INFO - pylsp.config.config - Loaded pylsp plugin folding from <module 'pylsp.plugins.folding' from '/nix/store/67zwlv7x2g5wwn50fm3s4qk9w57372d8-python3-3.11.6-env/lib/python3.11/site-packages/pylsp/plugins/folding.py'>
2023-12-20 14:51:57,977 MST - INFO - pylsp.config.config - Loaded pylsp plugin jedi_completion from <module 'pylsp.plugins.jedi_completion' from '/nix/store/67zwlv7x2g5wwn50fm3s4qk9w57372d8-python3-3.11.6-env/lib/python3.11/site-packages/pylsp/plugins/jedi_completion.py'>
2023-12-20 14:51:57,977 MST - INFO - pylsp.config.config - Loaded pylsp plugin jedi_definition from <module 'pylsp.plugins.definition' from '/nix/store/67zwlv7x2g5wwn50fm3s4qk9w57372d8-python3-3.11.6-env/lib/python3.11/site-packages/pylsp/plugins/definition.py'>
2023-12-20 14:51:57,977 MST - INFO - pylsp.config.config - Loaded pylsp plugin jedi_highlight from <module 'pylsp.plugins.highlight' from '/nix/store/67zwlv7x2g5wwn50fm3s4qk9w57372d8-python3-3.11.6-env/lib/python3.11/site-packages/pylsp/plugins/highlight.py'>
2023-12-20 14:51:57,977 MST - INFO - pylsp.config.config - Loaded pylsp plugin jedi_hover from <module 'pylsp.plugins.hover' from '/nix/store/67zwlv7x2g5wwn50fm3s4qk9w57372d8-python3-3.11.6-env/lib/python3.11/site-packages/pylsp/plugins/hover.py'>
2023-12-20 14:51:57,977 MST - INFO - pylsp.config.config - Loaded pylsp plugin jedi_references from <module 'pylsp.plugins.references' from '/nix/store/67zwlv7x2g5wwn50fm3s4qk9w57372d8-python3-3.11.6-env/lib/python3.11/site-packages/pylsp/plugins/references.py'>
2023-12-20 14:51:57,978 MST - INFO - pylsp.config.config - Loaded pylsp plugin jedi_rename from <module 'pylsp.plugins.jedi_rename' from '/nix/store/67zwlv7x2g5wwn50fm3s4qk9w57372d8-python3-3.11.6-env/lib/python3.11/site-packages/pylsp/plugins/jedi_rename.py'>
2023-12-20 14:51:57,978 MST - INFO - pylsp.config.config - Loaded pylsp plugin jedi_signature_help from <module 'pylsp.plugins.signature' from '/nix/store/67zwlv7x2g5wwn50fm3s4qk9w57372d8-python3-3.11.6-env/lib/python3.11/site-packages/pylsp/plugins/signature.py'>
2023-12-20 14:51:57,978 MST - INFO - pylsp.config.config - Loaded pylsp plugin jedi_symbols from <module 'pylsp.plugins.symbols' from '/nix/store/67zwlv7x2g5wwn50fm3s4qk9w57372d8-python3-3.11.6-env/lib/python3.11/site-packages/pylsp/plugins/symbols.py'>
2023-12-20 14:51:57,978 MST - INFO - pylsp.config.config - Loaded pylsp plugin preload from <module 'pylsp.plugins.preload_imports' from '/nix/store/67zwlv7x2g5wwn50fm3s4qk9w57372d8-python3-3.11.6-env/lib/python3.11/site-packages/pylsp/plugins/preload_imports.py'>
2023-12-20 14:51:57,978 MST - INFO - pylsp.config.config - Loaded pylsp plugin pylint from <module 'pylsp.plugins.pylint_lint' from '/nix/store/67zwlv7x2g5wwn50fm3s4qk9w57372d8-python3-3.11.6-env/lib/python3.11/site-packages/pylsp/plugins/pylint_lint.py'>
2023-12-20 14:51:57,979 MST - INFO - pylsp.config.config - Disabled plugins: [None, None, None, <module 'pylsp.plugins.flake8_lint' from '/nix/store/67zwlv7x2g5wwn50fm3s4qk9w57372d8-python3-3.11.6-env/lib/python3.11/site-packages/pylsp/plugins/flake8_lint.py'>, <module 'pylsp.plugins.pylint_lint' from '/nix/store/67zwlv7x2g5wwn50fm3s4qk9w57372d8-python3-3.11.6-env/lib/python3.11/site-packages/pylsp/plugins/pylint_lint.py'>]
2023-12-20 14:51:57,986 MST - INFO - pylsp.python_lsp - Server capabilities: {'codeActionProvider': True, 'codeLensProvider': {'resolveProvider': False}, 'completionProvider': {'resolveProvider': True, 'triggerCharacters': ['.']}, 'documentFormattingProvider': True, 'documentHighlightProvider': True, 'documentRangeFormattingProvider': True, 'documentSymbolProvider': True, 'definitionProvider': True, 'executeCommandProvider': {'commands': []}, 'hoverProvider': True, 'referencesProvider': True, 'renameProvider': True, 'foldingRangeProvider': True, 'signatureHelpProvider': {'triggerCharacters': ['(', ',', '=']}, 'textDocumentSync': {'change': 2, 'save': {'includeText': True}, 'openClose': True}, 'notebookDocumentSync': {'notebookSelector': [{'cells': [{'language': 'python'}]}]}, 'workspace': {'workspaceFolders': {'supported': True, 'changeNotifications': True}}, 'experimental': {}}
2023-12-20 14:53:28,211 MST - INFO - pylsp.python_lsp - Starting PythonLSPServer IO language server
2023-12-20 14:53:28,637 MST - INFO - pylsp.config.config - Failed to load pylsp entry point 'autopep8': No module named 'pycodestyle'
2023-12-20 14:53:28,641 MST - INFO - pylsp.config.config - Failed to load pylsp entry point 'mccabe': No module named 'mccabe'
2023-12-20 14:53:28,642 MST - INFO - pylsp.config.config - Failed to load pylsp entry point 'pycodestyle': No module named 'pycodestyle'
2023-12-20 14:53:28,642 MST - INFO - pylsp.config.config - Failed to load pylsp entry point 'pydocstyle': No module named 'pydocstyle'
2023-12-20 14:53:28,643 MST - INFO - pylsp.config.config - Failed to load pylsp entry point 'pyflakes': No module named 'pyflakes'
2023-12-20 14:53:28,644 MST - INFO - pylsp.config.config - Failed to load pylsp entry point 'rope_autoimport': No module named 'rope'
2023-12-20 14:53:28,645 MST - INFO - pylsp.config.config - Failed to load pylsp entry point 'rope_completion': No module named 'rope'
2023-12-20 14:53:28,645 MST - INFO - pylsp.config.config - Failed to load pylsp entry point 'rope_rename': No module named 'rope'
2023-12-20 14:53:28,646 MST - INFO - pylsp.config.config - Failed to load pylsp entry point 'yapf': No module named 'yapf'
2023-12-20 14:53:28,649 MST - INFO - pylsp.config.config - Loaded pylsp plugin ruff from <module 'pylsp_ruff.plugin' from '/nix/store/67zwlv7x2g5wwn50fm3s4qk9w57372d8-python3-3.11.6-env/lib/python3.11/site-packages/pylsp_ruff/plugin.py'>
2023-12-20 14:53:28,649 MST - INFO - pylsp.config.config - Loaded pylsp plugin flake8 from <module 'pylsp.plugins.flake8_lint' from '/nix/store/67zwlv7x2g5wwn50fm3s4qk9w57372d8-python3-3.11.6-env/lib/python3.11/site-packages/pylsp/plugins/flake8_lint.py'>
2023-12-20 14:53:28,649 MST - INFO - pylsp.config.config - Loaded pylsp plugin folding from <module 'pylsp.plugins.folding' from '/nix/store/67zwlv7x2g5wwn50fm3s4qk9w57372d8-python3-3.11.6-env/lib/python3.11/site-packages/pylsp/plugins/folding.py'>
2023-12-20 14:53:28,649 MST - INFO - pylsp.config.config - Loaded pylsp plugin jedi_completion from <module 'pylsp.plugins.jedi_completion' from '/nix/store/67zwlv7x2g5wwn50fm3s4qk9w57372d8-python3-3.11.6-env/lib/python3.11/site-packages/pylsp/plugins/jedi_completion.py'>
2023-12-20 14:53:28,649 MST - INFO - pylsp.config.config - Loaded pylsp plugin jedi_definition from <module 'pylsp.plugins.definition' from '/nix/store/67zwlv7x2g5wwn50fm3s4qk9w57372d8-python3-3.11.6-env/lib/python3.11/site-packages/pylsp/plugins/definition.py'>
2023-12-20 14:53:28,649 MST - INFO - pylsp.config.config - Loaded pylsp plugin jedi_highlight from <module 'pylsp.plugins.highlight' from '/nix/store/67zwlv7x2g5wwn50fm3s4qk9w57372d8-python3-3.11.6-env/lib/python3.11/site-packages/pylsp/plugins/highlight.py'>
2023-12-20 14:53:28,649 MST - INFO - pylsp.config.config - Loaded pylsp plugin jedi_hover from <module 'pylsp.plugins.hover' from '/nix/store/67zwlv7x2g5wwn50fm3s4qk9w57372d8-python3-3.11.6-env/lib/python3.11/site-packages/pylsp/plugins/hover.py'>
2023-12-20 14:53:28,649 MST - INFO - pylsp.config.config - Loaded pylsp plugin jedi_references from <module 'pylsp.plugins.references' from '/nix/store/67zwlv7x2g5wwn50fm3s4qk9w57372d8-python3-3.11.6-env/lib/python3.11/site-packages/pylsp/plugins/references.py'>
2023-12-20 14:53:28,649 MST - INFO - pylsp.config.config - Loaded pylsp plugin jedi_rename from <module 'pylsp.plugins.jedi_rename' from '/nix/store/67zwlv7x2g5wwn50fm3s4qk9w57372d8-python3-3.11.6-env/lib/python3.11/site-packages/pylsp/plugins/jedi_rename.py'>
2023-12-20 14:53:28,649 MST - INFO - pylsp.config.config - Loaded pylsp plugin jedi_signature_help from <module 'pylsp.plugins.signature' from '/nix/store/67zwlv7x2g5wwn50fm3s4qk9w57372d8-python3-3.11.6-env/lib/python3.11/site-packages/pylsp/plugins/signature.py'>
2023-12-20 14:53:28,649 MST - INFO - pylsp.config.config - Loaded pylsp plugin jedi_symbols from <module 'pylsp.plugins.symbols' from '/nix/store/67zwlv7x2g5wwn50fm3s4qk9w57372d8-python3-3.11.6-env/lib/python3.11/site-packages/pylsp/plugins/symbols.py'>
2023-12-20 14:53:28,649 MST - INFO - pylsp.config.config - Loaded pylsp plugin preload from <module 'pylsp.plugins.preload_imports' from '/nix/store/67zwlv7x2g5wwn50fm3s4qk9w57372d8-python3-3.11.6-env/lib/python3.11/site-packages/pylsp/plugins/preload_imports.py'>
2023-12-20 14:53:28,649 MST - INFO - pylsp.config.config - Loaded pylsp plugin pylint from <module 'pylsp.plugins.pylint_lint' from '/nix/store/67zwlv7x2g5wwn50fm3s4qk9w57372d8-python3-3.11.6-env/lib/python3.11/site-packages/pylsp/plugins/pylint_lint.py'>
2023-12-20 14:53:28,650 MST - INFO - pylsp.config.config - Disabled plugins: [None, None, None, <module 'pylsp.plugins.flake8_lint' from '/nix/store/67zwlv7x2g5wwn50fm3s4qk9w57372d8-python3-3.11.6-env/lib/python3.11/site-packages/pylsp/plugins/flake8_lint.py'>, <module 'pylsp.plugins.pylint_lint' from '/nix/store/67zwlv7x2g5wwn50fm3s4qk9w57372d8-python3-3.11.6-env/lib/python3.11/site-packages/pylsp/plugins/pylint_lint.py'>]
2023-12-20 14:53:28,655 MST - INFO - pylsp.python_lsp - Server capabilities: {'codeActionProvider': True, 'codeLensProvider': {'resolveProvider': False}, 'completionProvider': {'resolveProvider': True, 'triggerCharacters': ['.']}, 'documentFormattingProvider': True, 'documentHighlightProvider': True, 'documentRangeFormattingProvider': True, 'documentSymbolProvider': True, 'definitionProvider': True, 'executeCommandProvider': {'commands': []}, 'hoverProvider': True, 'referencesProvider': True, 'renameProvider': True, 'foldingRangeProvider': True, 'signatureHelpProvider': {'triggerCharacters': ['(', ',', '=']}, 'textDocumentSync': {'change': 2, 'save': {'includeText': True}, 'openClose': True}, 'notebookDocumentSync': {'notebookSelector': [{'cells': [{'language': 'python'}]}]}, 'workspace': {'workspaceFolders': {'supported': True, 'changeNotifications': True}}, 'experimental': {}}
